[35m[Appium][39m Welcome to Appium v1.22.3
[35m[Appium][39m Non-default server args:
[35m[Appium][39m   port: 55469
[35m[Appium][39m   loglevel: info
[35m[Appium][39m   tmpDir: C:\Users\MSIGF~1\AppData\Local\Temp\\Katalon\Appium\Temp1684042428334
[35m[Appium][39m   chromedriverPort: 55470
[35m[Appium][39m Deprecated server args:
[35m[Appium][39m   [31m--chromedriver-port[39m => --default-capabilities
[35m[Appium][39m Default capabilities, which will be added to each request unless overridden by desired capabilities:
[35m[Appium][39m   chromedriverPort: 55470
[35m[Appium][39m Appium REST http interface listener started on 0.0.0.0:55469
[35m[HTTP][39m [37m-->[39m [37mGET[39m [37m/wd/hub/status[39m
[35m[HTTP][39m [90m{}[39m
[35m[HTTP][39m [37m<-- GET /wd/hub/status [39m[32m200[39m [90m4 ms - 68[39m
[35m[HTTP][39m [90m[39m
[35m[HTTP][39m [37m-->[39m [37mGET[39m [37m/wd/hub/status[39m
[35m[HTTP][39m [90m{}[39m
[35m[HTTP][39m [37m<-- GET /wd/hub/status [39m[32m200[39m [90m1 ms - 68[39m
[35m[HTTP][39m [90m[39m
[35m[HTTP][39m [37m-->[39m [37mPOST[39m [37m/wd/hub/session[39m
[35m[HTTP][39m [90m{"desiredCapabilities":{"appActivity":".Settings","appPackage":"com.android.settings","newCommandTimeout":1800,"platformVersion":"8.1.0","automationName":"uiautomator2","autoGrantPermissions":true,"platformName":"Android","udid":"emulator-5554","deviceName":"emulator-5554 (Android SDK built for x86 - Android 8.1.0)","platform":"ANDROID","systemPort":8265},"capabilities":{"firstMatch":[{"appium:appActivity":".Settings","appium:appPackage":"com.android.settings","appium:autoGrantPermissions":true,"appium:automationName":"uiautomator2","appium:deviceName":"emulator-5554 (Android SDK built for x86 - Android 8.1.0)","appium:newCommandTimeout":1800,"platform":"ANDROID","platformName":"android","appium:platformVersion":"8.1.0","appium:systemPort":8265,"appium:udid":"emulator-5554"}]}}[39m
[35m[BaseDriver][39m The following capabilities are not standard capabilities and should have an extension prefix:
[35m[BaseDriver][39m   platform
[35m[BaseDriver][39m   chromedriverPort
[35m[Appium][39m Appium v1.22.3 creating new AndroidUiautomator2Driver (v1.70.1) session
[35m[BaseDriver][39m The following capabilities were provided, but are not recognized by Appium:
[35m[BaseDriver][39m   platform
[35m[BaseDriver][39m Session created with session id: 9468197d-f4ab-4ce1-a31d-a6f9c58dee50
[35m[UiAutomator2][39m Starting 'com.android.settings' directly on the device
[35m[ADB][39m Found 3 'build-tools' folders under 'C:\Users\MSI GF\AppData\Local\Android\Sdk' (newest first):
[35m[ADB][39m     C:/Users/MSI GF/AppData/Local/Android/Sdk/build-tools/33.0.0
[35m[ADB][39m     C:/Users/MSI GF/AppData/Local/Android/Sdk/build-tools/30.0.3
[35m[ADB][39m     C:/Users/MSI GF/AppData/Local/Android/Sdk/build-tools/29.0.2
[35m[ADB][39m Using 'adb.exe' from 'C:\Users\MSI GF\AppData\Local\Android\Sdk\platform-tools\adb.exe'
[35m[AndroidDriver][39m Retrieving device list
[35m[AndroidDriver][39m Using device: emulator-5554
[35m[ADB][39m Using 'adb.exe' from 'C:\Users\MSI GF\AppData\Local\Android\Sdk\platform-tools\adb.exe'
[35m[AndroidDriver][39m No app sent in, not parsing package/activity
[35m[ADB][39m Using 'apksigner.jar' from 'C:\Users\MSI GF\AppData\Local\Android\Sdk\build-tools\33.0.0\lib\apksigner.jar'
[35m[ADB][39m 'C:\Users\MSI GF\AppData\Roaming\npm\node_modules\appium\node_modules\appium-uiautomator2-server\apks\appium-uiautomator2-server-v4.27.0.apk' is signed with the default certificate
[35m[ADB][39m 'C:\Users\MSI GF\AppData\Roaming\npm\node_modules\appium\node_modules\appium-uiautomator2-server\apks\appium-uiautomator2-server-debug-androidTest.apk' is signed with the default certificate
[35m[UiAutomator2][39m Server packages are not going to be (re)installed
[35m[ADB][39m Adding packages ["io.appium.settings","io.appium.uiautomator2.server","io.appium.uiautomator2.server.test"] to Doze whitelist
[35m[UiAutomator2][39m Starting UIAutomator2 server 4.27.0
[35m[UiAutomator2][39m Using UIAutomator2 server from 'C:\Users\MSI GF\AppData\Roaming\npm\node_modules\appium\node_modules\appium-uiautomator2-server\apks\appium-uiautomator2-server-v4.27.0.apk' and test from 'C:\Users\MSI GF\AppData\Roaming\npm\node_modules\appium\node_modules\appium-uiautomator2-server\apks\appium-uiautomator2-server-debug-androidTest.apk'
[35m[UiAutomator2][39m Waiting up to 30000ms for UiAutomator2 to be online...
[35m[WD Proxy][39m socket hang up
[35m[WD Proxy][39m socket hang up
[35m[WD Proxy][39m Determined the downstream protocol as 'W3C'
[35m[AndroidDriver][39m Screen already unlocked, doing nothing
[35m[UiAutomator2][39m Starting 'com.android.settings/.Settings and waiting for 'com.android.settings/.Settings'
[35m[Appium][39m New AndroidUiautomator2Driver session created successfully, session 9468197d-f4ab-4ce1-a31d-a6f9c58dee50 added to master session list
[35m[HTTP][39m [37m<-- POST /wd/hub/session [39m[32m200[39m [90m7170 ms - 1215[39m
[35m[HTTP][39m [90m[39m
[35m[HTTP][39m [37m-->[39m [37mGET[39m [37m/wd/hub/session/9468197d-f4ab-4ce1-a31d-a6f9c58dee50[39m
[35m[HTTP][39m [90m{}[39m
[35m[HTTP][39m [37m<-- GET /wd/hub/session/9468197d-f4ab-4ce1-a31d-a6f9c58dee50 [39m[32m200[39m [90m15 ms - 1169[39m
[35m[HTTP][39m [90m[39m
[35m[HTTP][39m [37m-->[39m [37mGET[39m [37m/wd/hub/session/9468197d-f4ab-4ce1-a31d-a6f9c58dee50[39m
[35m[HTTP][39m [90m{}[39m
[35m[HTTP][39m [37m<-- GET /wd/hub/session/9468197d-f4ab-4ce1-a31d-a6f9c58dee50 [39m[32m200[39m [90m12 ms - 1169[39m
[35m[HTTP][39m [90m[39m
[35m[HTTP][39m [37m-->[39m [37mGET[39m [37m/wd/hub/status[39m
[35m[HTTP][39m [90m{}[39m
[35m[HTTP][39m [37m<-- GET /wd/hub/status [39m[32m200[39m [90m1 ms - 68[39m
[35m[HTTP][39m [90m[39m
[35m[HTTP][39m [37m-->[39m [37mPOST[39m [37m/wd/hub/session/9468197d-f4ab-4ce1-a31d-a6f9c58dee50/timeouts[39m
[35m[HTTP][39m [90m{"implicit":60000}[39m
[35m[HTTP][39m [37m<-- POST /wd/hub/session/9468197d-f4ab-4ce1-a31d-a6f9c58dee50/timeouts [39m[32m200[39m [90m3 ms - 14[39m
[35m[HTTP][39m [90m[39m
[35m[HTTP][39m [37m-->[39m [37mGET[39m [37m/wd/hub/session/9468197d-f4ab-4ce1-a31d-a6f9c58dee50/screenshot[39m
[35m[HTTP][39m [90m{}[39m
[35m[HTTP][39m [37m<-- GET /wd/hub/session/9468197d-f4ab-4ce1-a31d-a6f9c58dee50/screenshot [39m[32m200[39m [90m366 ms - 164598[39m
[35m[HTTP][39m [90m[39m
[35m[HTTP][39m [37m-->[39m [37mGET[39m [37m/wd/hub/session/9468197d-f4ab-4ce1-a31d-a6f9c58dee50/window/rect[39m
[35m[HTTP][39m [90m{}[39m
[35m[HTTP][39m [37m<-- GET /wd/hub/session/9468197d-f4ab-4ce1-a31d-a6f9c58dee50/window/rect [39m[32m200[39m [90m20 ms - 50[39m
[35m[HTTP][39m [90m[39m
[35m[HTTP][39m [37m-->[39m [37mGET[39m [37m/wd/hub/session/9468197d-f4ab-4ce1-a31d-a6f9c58dee50/appium/device/system_bars[39m
[35m[HTTP][39m [90m{}[39m
[35m[HTTP][39m [37m<-- GET /wd/hub/session/9468197d-f4ab-4ce1-a31d-a6f9c58dee50/appium/device/system_bars [39m[32m200[39m [90m41 ms - 151[39m
[35m[HTTP][39m [90m[39m
[35m[HTTP][39m [37m-->[39m [37mPOST[39m [37m/wd/hub/session/9468197d-f4ab-4ce1-a31d-a6f9c58dee50/appium/device/activate_app[39m
[35m[HTTP][39m [90m{"bundleId":"com.ecwid.ShopAt.HappyDayShopping"}[39m
[35m[HTTP][39m [37m<-- POST /wd/hub/session/9468197d-f4ab-4ce1-a31d-a6f9c58dee50/appium/device/activate_app [39m[32m200[39m [90m273 ms - 14[39m
[35m[HTTP][39m [90m[39m
[35m[HTTP][39m [37m-->[39m [37mGET[39m [37m/wd/hub/session/9468197d-f4ab-4ce1-a31d-a6f9c58dee50/source[39m
[35m[HTTP][39m [90m{}[39m
[35m[W3C (9468197d)][39m Driver proxy active, passing request on via HTTP proxy
[35m[WD Proxy][39m Replacing sessionId 7308e9ed-f33c-48a2-9553-8df67bf0e420 with 9468197d-f4ab-4ce1-a31d-a6f9c58dee50
[35m[HTTP][39m [37m<-- GET /wd/hub/session/9468197d-f4ab-4ce1-a31d-a6f9c58dee50/source [39m[32m200[39m [90m1256 ms - 1921[39m
[35m[HTTP][39m [90m[39m
[35m[HTTP][39m [37m-->[39m [37mGET[39m [37m/wd/hub/session/9468197d-f4ab-4ce1-a31d-a6f9c58dee50/screenshot[39m
[35m[HTTP][39m [90m{}[39m
[35m[HTTP][39m [37m<-- GET /wd/hub/session/9468197d-f4ab-4ce1-a31d-a6f9c58dee50/screenshot [39m[32m200[39m [90m331 ms - 240220[39m
[35m[HTTP][39m [90m[39m
[35m[HTTP][39m [37m-->[39m [37mGET[39m [37m/wd/hub/session/9468197d-f4ab-4ce1-a31d-a6f9c58dee50/source[39m
[35m[HTTP][39m [90m{}[39m
[35m[W3C (9468197d)][39m Driver proxy active, passing request on via HTTP proxy
[35m[WD Proxy][39m Replacing sessionId 7308e9ed-f33c-48a2-9553-8df67bf0e420 with 9468197d-f4ab-4ce1-a31d-a6f9c58dee50
[35m[HTTP][39m [37m<-- GET /wd/hub/session/9468197d-f4ab-4ce1-a31d-a6f9c58dee50/source [39m[32m200[39m [90m461 ms - 34068[39m
[35m[HTTP][39m [90m[39m
[35m[HTTP][39m [37m-->[39m [37mGET[39m [37m/wd/hub/session/9468197d-f4ab-4ce1-a31d-a6f9c58dee50/screenshot[39m
[35m[HTTP][39m [90m{}[39m
[35m[HTTP][39m [37m<-- GET /wd/hub/session/9468197d-f4ab-4ce1-a31d-a6f9c58dee50/screenshot [39m[32m200[39m [90m808 ms - 1786140[39m
[35m[HTTP][39m [90m[39m
[35m[HTTP][39m [37m-->[39m [37mPOST[39m [37m/wd/hub/session/9468197d-f4ab-4ce1-a31d-a6f9c58dee50/elements[39m
[35m[HTTP][39m [90m{"using":"xpath","value":"//*[@class = 'android.view.ViewGroup' and (@text = '' or . = '')]"}[39m
[35m[HTTP][39m [37m<-- POST /wd/hub/session/9468197d-f4ab-4ce1-a31d-a6f9c58dee50/elements [39m[32m200[39m [90m789 ms - 4875[39m
[35m[HTTP][39m [90m[39m
[35m[HTTP][39m [37m-->[39m [37mPOST[39m [37m/wd/hub/session/9468197d-f4ab-4ce1-a31d-a6f9c58dee50/elements[39m
[35m[HTTP][39m [90m{"using":"-android uiautomator","value":"new UiSelector().className(\"android.view.ViewGroup\")"}[39m
[35m[HTTP][39m [37m<-- POST /wd/hub/session/9468197d-f4ab-4ce1-a31d-a6f9c58dee50/elements [39m[32m200[39m [90m301 ms - 4875[39m
[35m[HTTP][39m [90m[39m
[35m[HTTP][39m [37m-->[39m [37mGET[39m [37m/wd/hub/session/9468197d-f4ab-4ce1-a31d-a6f9c58dee50/window/rect[39m
[35m[HTTP][39m [90m{}[39m
[35m[HTTP][39m [37m<-- GET /wd/hub/session/9468197d-f4ab-4ce1-a31d-a6f9c58dee50/window/rect [39m[32m200[39m [90m13 ms - 50[39m
[35m[HTTP][39m [90m[39m
[35m[HTTP][39m [37m-->[39m [37mPOST[39m [37m/wd/hub/session/9468197d-f4ab-4ce1-a31d-a6f9c58dee50/elements[39m
[35m[HTTP][39m [90m{"using":"xpath","value":"//hierarchy/android.widget.FrameLayout[1]/android.widget.LinearLayout[1]/android.widget.FrameLayout[1]/android.widget.LinearLayout[1]/android.widget.FrameLayout[1]/android.widget.FrameLayout[1]/android.view.ViewGroup[1]/android.view.ViewGroup[2]/android.view.ViewGroup[1]/android.view.ViewGroup[1]/android.view.ViewGroup[1]/android.view.ViewGroup[1]/android.view.ViewGroup[1]/android.view.ViewGroup[1]/android.view.ViewGroup[1]/android.widget.ScrollView[1]/android.view.ViewGroup[1]/android.view.ViewGroup[2]/android.widget.ScrollView[1]/android.view.ViewGroup[1]/android.widget.ScrollView[1]/android.view.ViewGroup[1]/android.view.ViewGroup[2]/android.view.ViewGroup[1]/android.view.ViewGroup[1]/android.view.ViewGroup[1]"}[39m
[35m[HTTP][39m [37m<-- POST /wd/hub/session/9468197d-f4ab-4ce1-a31d-a6f9c58dee50/elements [39m[32m200[39m [90m134 ms - 139[39m
[35m[HTTP][39m [90m[39m
[35m[HTTP][39m [37m-->[39m [37mGET[39m [37m/wd/hub/session/9468197d-f4ab-4ce1-a31d-a6f9c58dee50/element/00000000-0000-00d0-ffff-ffff00000092/location[39m
[35m[HTTP][39m [90m{}[39m
[35m[W3C (9468197d)][39m Driver proxy active, passing request on via HTTP proxy
[35m[WD Proxy][39m Replacing sessionId 7308e9ed-f33c-48a2-9553-8df67bf0e420 with 9468197d-f4ab-4ce1-a31d-a6f9c58dee50
[35m[HTTP][39m [37m<-- GET /wd/hub/session/9468197d-f4ab-4ce1-a31d-a6f9c58dee50/element/00000000-0000-00d0-ffff-ffff00000092/location [39m[32m200[39m [90m15 ms - 78[39m
[35m[HTTP][39m [90m[39m
[35m[HTTP][39m [37m-->[39m [37mPOST[39m [37m/wd/hub/session/9468197d-f4ab-4ce1-a31d-a6f9c58dee50/element/00000000-0000-00d0-ffff-ffff00000092/click[39m
[35m[HTTP][39m [90m{"id":"00000000-0000-00d0-ffff-ffff00000092"}[39m
[35m[HTTP][39m [37m<-- POST /wd/hub/session/9468197d-f4ab-4ce1-a31d-a6f9c58dee50/element/00000000-0000-00d0-ffff-ffff00000092/click [39m[32m200[39m [90m26 ms - 14[39m
[35m[HTTP][39m [90m[39m
[35m[HTTP][39m [37m-->[39m [37mGET[39m [37m/wd/hub/session/9468197d-f4ab-4ce1-a31d-a6f9c58dee50/source[39m
[35m[HTTP][39m [90m{}[39m
[35m[W3C (9468197d)][39m Driver proxy active, passing request on via HTTP proxy
[35m[WD Proxy][39m Replacing sessionId 7308e9ed-f33c-48a2-9553-8df67bf0e420 with 9468197d-f4ab-4ce1-a31d-a6f9c58dee50
[35m[HTTP][39m [37m<-- GET /wd/hub/session/9468197d-f4ab-4ce1-a31d-a6f9c58dee50/source [39m[32m200[39m [90m609 ms - 25693[39m
[35m[HTTP][39m [90m[39m
[35m[HTTP][39m [37m-->[39m [37mGET[39m [37m/wd/hub/session/9468197d-f4ab-4ce1-a31d-a6f9c58dee50/screenshot[39m
[35m[HTTP][39m [90m{}[39m
[35m[HTTP][39m [37m<-- GET /wd/hub/session/9468197d-f4ab-4ce1-a31d-a6f9c58dee50/screenshot [39m[32m200[39m [90m298 ms - 94446[39m
[35m[HTTP][39m [90m[39m
[35m[HTTP][39m [37m-->[39m [37mGET[39m [37m/wd/hub/session/9468197d-f4ab-4ce1-a31d-a6f9c58dee50/source[39m
[35m[HTTP][39m [90m{}[39m
[35m[W3C (9468197d)][39m Driver proxy active, passing request on via HTTP proxy
[35m[WD Proxy][39m Replacing sessionId 7308e9ed-f33c-48a2-9553-8df67bf0e420 with 9468197d-f4ab-4ce1-a31d-a6f9c58dee50
[35m[HTTP][39m [37m<-- GET /wd/hub/session/9468197d-f4ab-4ce1-a31d-a6f9c58dee50/source [39m[32m200[39m [90m385 ms - 41410[39m
[35m[HTTP][39m [90m[39m
[35m[HTTP][39m [37m-->[39m [37mGET[39m [37m/wd/hub/session/9468197d-f4ab-4ce1-a31d-a6f9c58dee50/screenshot[39m
[35m[HTTP][39m [90m{}[39m
[35m[HTTP][39m [37m<-- GET /wd/hub/session/9468197d-f4ab-4ce1-a31d-a6f9c58dee50/screenshot [39m[32m200[39m [90m382 ms - 529764[39m
[35m[HTTP][39m [90m[39m
[35m[HTTP][39m [37m-->[39m [37mPOST[39m [37m/wd/hub/session/9468197d-f4ab-4ce1-a31d-a6f9c58dee50/elements[39m
[35m[HTTP][39m [90m{"using":"xpath","value":"//*[@class = 'android.view.ViewGroup' and (@text = '' or . = '')]"}[39m
[35m[HTTP][39m [37m<-- POST /wd/hub/session/9468197d-f4ab-4ce1-a31d-a6f9c58dee50/elements [39m[32m200[39m [90m334 ms - 5771[39m
[35m[HTTP][39m [90m[39m
[35m[HTTP][39m [37m-->[39m [37mPOST[39m [37m/wd/hub/session/9468197d-f4ab-4ce1-a31d-a6f9c58dee50/elements[39m
[35m[HTTP][39m [90m{"using":"-android uiautomator","value":"new UiSelector().className(\"android.view.ViewGroup\")"}[39m
[35m[HTTP][39m [37m<-- POST /wd/hub/session/9468197d-f4ab-4ce1-a31d-a6f9c58dee50/elements [39m[32m200[39m [90m316 ms - 5771[39m
[35m[HTTP][39m [90m[39m
[35m[HTTP][39m [37m-->[39m [37mGET[39m [37m/wd/hub/session/9468197d-f4ab-4ce1-a31d-a6f9c58dee50/window/rect[39m
[35m[HTTP][39m [90m{}[39m
[35m[HTTP][39m [37m<-- GET /wd/hub/session/9468197d-f4ab-4ce1-a31d-a6f9c58dee50/window/rect [39m[32m200[39m [90m11 ms - 50[39m
[35m[HTTP][39m [90m[39m
[35m[HTTP][39m [37m-->[39m [37mPOST[39m [37m/wd/hub/session/9468197d-f4ab-4ce1-a31d-a6f9c58dee50/elements[39m
[35m[HTTP][39m [90m{"using":"xpath","value":"//hierarchy/android.widget.FrameLayout[1]/android.widget.LinearLayout[1]/android.widget.FrameLayout[1]/android.widget.LinearLayout[1]/android.widget.FrameLayout[1]/android.widget.FrameLayout[1]/android.view.ViewGroup[1]/android.view.ViewGroup[2]/android.view.ViewGroup[1]/android.view.ViewGroup[1]/android.view.ViewGroup[1]/android.view.ViewGroup[1]/android.view.ViewGroup[1]/android.view.ViewGroup[1]/android.view.ViewGroup[1]/android.widget.ScrollView[1]/android.view.ViewGroup[1]/android.widget.ScrollView[1]/android.view.ViewGroup[1]/android.view.ViewGroup[1]/android.view.ViewGroup[1]/android.view.ViewGroup[1]/android.view.ViewGroup[1]"}[39m
[35m[HTTP][39m [37m<-- POST /wd/hub/session/9468197d-f4ab-4ce1-a31d-a6f9c58dee50/elements [39m[32m200[39m [90m105 ms - 139[39m
[35m[HTTP][39m [90m[39m
[35m[HTTP][39m [37m-->[39m [37mGET[39m [37m/wd/hub/session/9468197d-f4ab-4ce1-a31d-a6f9c58dee50/element/00000000-0000-00d0-ffff-ffff000001d8/location[39m
[35m[HTTP][39m [90m{}[39m
[35m[W3C (9468197d)][39m Driver proxy active, passing request on via HTTP proxy
[35m[WD Proxy][39m Replacing sessionId 7308e9ed-f33c-48a2-9553-8df67bf0e420 with 9468197d-f4ab-4ce1-a31d-a6f9c58dee50
[35m[HTTP][39m [37m<-- GET /wd/hub/session/9468197d-f4ab-4ce1-a31d-a6f9c58dee50/element/00000000-0000-00d0-ffff-ffff000001d8/location [39m[32m200[39m [90m18 ms - 77[39m
[35m[HTTP][39m [90m[39m
[35m[HTTP][39m [37m-->[39m [37mPOST[39m [37m/wd/hub/session/9468197d-f4ab-4ce1-a31d-a6f9c58dee50/element/00000000-0000-00d0-ffff-ffff000001d8/click[39m
[35m[HTTP][39m [90m{"id":"00000000-0000-00d0-ffff-ffff000001d8"}[39m
[35m[HTTP][39m [37m<-- POST /wd/hub/session/9468197d-f4ab-4ce1-a31d-a6f9c58dee50/element/00000000-0000-00d0-ffff-ffff000001d8/click [39m[32m200[39m [90m19 ms - 14[39m
[35m[HTTP][39m [90m[39m
[35m[HTTP][39m [37m-->[39m [37mGET[39m [37m/wd/hub/session/9468197d-f4ab-4ce1-a31d-a6f9c58dee50/source[39m
[35m[HTTP][39m [90m{}[39m
[35m[W3C (9468197d)][39m Driver proxy active, passing request on via HTTP proxy
[35m[WD Proxy][39m Replacing sessionId 7308e9ed-f33c-48a2-9553-8df67bf0e420 with 9468197d-f4ab-4ce1-a31d-a6f9c58dee50
[35m[HTTP][39m [37m<-- GET /wd/hub/session/9468197d-f4ab-4ce1-a31d-a6f9c58dee50/source [39m[32m200[39m [90m658 ms - 25378[39m
[35m[HTTP][39m [90m[39m
[35m[HTTP][39m [37m-->[39m [37mGET[39m [37m/wd/hub/session/9468197d-f4ab-4ce1-a31d-a6f9c58dee50/screenshot[39m
[35m[HTTP][39m [90m{}[39m
[35m[HTTP][39m [37m<-- GET /wd/hub/session/9468197d-f4ab-4ce1-a31d-a6f9c58dee50/screenshot [39m[32m200[39m [90m445 ms - 477918[39m
[35m[HTTP][39m [90m[39m
[35m[HTTP][39m [37m-->[39m [37mPOST[39m [37m/wd/hub/session/9468197d-f4ab-4ce1-a31d-a6f9c58dee50/elements[39m
[35m[HTTP][39m [90m{"using":"xpath","value":"//*[@class = 'android.widget.EditText' and (@text = '1' or . = '1')]"}[39m
[35m[HTTP][39m [37m<-- POST /wd/hub/session/9468197d-f4ab-4ce1-a31d-a6f9c58dee50/elements [39m[32m200[39m [90m154 ms - 139[39m
[35m[HTTP][39m [90m[39m
[35m[HTTP][39m [37m-->[39m [37mGET[39m [37m/wd/hub/session/9468197d-f4ab-4ce1-a31d-a6f9c58dee50/window/rect[39m
[35m[HTTP][39m [90m{}[39m
[35m[HTTP][39m [37m<-- GET /wd/hub/session/9468197d-f4ab-4ce1-a31d-a6f9c58dee50/window/rect [39m[32m200[39m [90m32 ms - 50[39m
[35m[HTTP][39m [90m[39m
[35m[HTTP][39m [37m-->[39m [37mPOST[39m [37m/wd/hub/session/9468197d-f4ab-4ce1-a31d-a6f9c58dee50/elements[39m
[35m[HTTP][39m [90m{"using":"xpath","value":"//*[@class = 'android.widget.EditText' and (@text = '1' or . = '1')]"}[39m
[35m[HTTP][39m [37m<-- POST /wd/hub/session/9468197d-f4ab-4ce1-a31d-a6f9c58dee50/elements [39m[32m200[39m [90m169 ms - 139[39m
[35m[HTTP][39m [90m[39m
[35m[HTTP][39m [37m-->[39m [37mGET[39m [37m/wd/hub/session/9468197d-f4ab-4ce1-a31d-a6f9c58dee50/element/00000000-0000-00d0-ffff-ffff0000021d/location[39m
[35m[HTTP][39m [90m{}[39m
[35m[W3C (9468197d)][39m Driver proxy active, passing request on via HTTP proxy
[35m[WD Proxy][39m Replacing sessionId 7308e9ed-f33c-48a2-9553-8df67bf0e420 with 9468197d-f4ab-4ce1-a31d-a6f9c58dee50
[35m[HTTP][39m [37m<-- GET /wd/hub/session/9468197d-f4ab-4ce1-a31d-a6f9c58dee50/element/00000000-0000-00d0-ffff-ffff0000021d/location [39m[32m200[39m [90m23 ms - 79[39m
[35m[HTTP][39m [90m[39m
[35m[HTTP][39m [37m-->[39m [37mPOST[39m [37m/wd/hub/session/9468197d-f4ab-4ce1-a31d-a6f9c58dee50/element/00000000-0000-00d0-ffff-ffff0000021d/click[39m
[35m[HTTP][39m [90m{"id":"00000000-0000-00d0-ffff-ffff0000021d"}[39m
[35m[HTTP][39m [37m<-- POST /wd/hub/session/9468197d-f4ab-4ce1-a31d-a6f9c58dee50/element/00000000-0000-00d0-ffff-ffff0000021d/click [39m[32m200[39m [90m25 ms - 14[39m
[35m[HTTP][39m [90m[39m
[35m[HTTP][39m [37m-->[39m [37mGET[39m [37m/wd/hub/session/9468197d-f4ab-4ce1-a31d-a6f9c58dee50/source[39m
[35m[HTTP][39m [90m{}[39m
[35m[W3C (9468197d)][39m Driver proxy active, passing request on via HTTP proxy
[35m[WD Proxy][39m Replacing sessionId 7308e9ed-f33c-48a2-9553-8df67bf0e420 with 9468197d-f4ab-4ce1-a31d-a6f9c58dee50
[35m[HTTP][39m [37m<-- GET /wd/hub/session/9468197d-f4ab-4ce1-a31d-a6f9c58dee50/source [39m[32m200[39m [90m456 ms - 15038[39m
[35m[HTTP][39m [90m[39m
[35m[HTTP][39m [37m-->[39m [37mGET[39m [37m/wd/hub/session/9468197d-f4ab-4ce1-a31d-a6f9c58dee50/screenshot[39m
[35m[HTTP][39m [90m{}[39m
[35m[HTTP][39m [37m<-- GET /wd/hub/session/9468197d-f4ab-4ce1-a31d-a6f9c58dee50/screenshot [39m[32m200[39m [90m365 ms - 449790[39m
[35m[HTTP][39m [90m[39m
[35m[HTTP][39m [37m-->[39m [37mPOST[39m [37m/wd/hub/session/9468197d-f4ab-4ce1-a31d-a6f9c58dee50/elements[39m
[35m[HTTP][39m [90m{"using":"xpath","value":"//*[@class = 'android.widget.ImageView' and (@text = '' or . = '')]"}[39m
[35m[HTTP][39m [37m<-- POST /wd/hub/session/9468197d-f4ab-4ce1-a31d-a6f9c58dee50/elements [39m[32m200[39m [90m112 ms - 139[39m
[35m[HTTP][39m [90m[39m
[35m[HTTP][39m [37m-->[39m [37mPOST[39m [37m/wd/hub/session/9468197d-f4ab-4ce1-a31d-a6f9c58dee50/elements[39m
[35m[HTTP][39m [90m{"using":"xpath","value":"//*[@class = 'android.widget.EditText' and (@text = '1' or . = '1')]"}[39m
[35m[HTTP][39m [37m<-- POST /wd/hub/session/9468197d-f4ab-4ce1-a31d-a6f9c58dee50/elements [39m[32m200[39m [90m160 ms - 139[39m
[35m[HTTP][39m [90m[39m
[35m[HTTP][39m [37m-->[39m [37mGET[39m [37m/wd/hub/session/9468197d-f4ab-4ce1-a31d-a6f9c58dee50/window/rect[39m
[35m[HTTP][39m [90m{}[39m
[35m[HTTP][39m [37m<-- GET /wd/hub/session/9468197d-f4ab-4ce1-a31d-a6f9c58dee50/window/rect [39m[32m200[39m [90m10 ms - 50[39m
[35m[HTTP][39m [90m[39m
[35m[HTTP][39m [37m-->[39m [37mPOST[39m [37m/wd/hub/session/9468197d-f4ab-4ce1-a31d-a6f9c58dee50/elements[39m
[35m[HTTP][39m [90m{"using":"xpath","value":"//*[@class = 'android.widget.EditText' and (@text = '1' or . = '1')]"}[39m
[35m[HTTP][39m [37m<-- POST /wd/hub/session/9468197d-f4ab-4ce1-a31d-a6f9c58dee50/elements [39m[32m200[39m [90m171 ms - 139[39m
[35m[HTTP][39m [90m[39m
[35m[HTTP][39m [37m-->[39m [37mGET[39m [37m/wd/hub/session/9468197d-f4ab-4ce1-a31d-a6f9c58dee50/element/00000000-0000-00d0-ffff-ffff0000021d/location[39m
[35m[HTTP][39m [90m{}[39m
[35m[W3C (9468197d)][39m Driver proxy active, passing request on via HTTP proxy
[35m[WD Proxy][39m Replacing sessionId 7308e9ed-f33c-48a2-9553-8df67bf0e420 with 9468197d-f4ab-4ce1-a31d-a6f9c58dee50
[35m[HTTP][39m [37m<-- GET /wd/hub/session/9468197d-f4ab-4ce1-a31d-a6f9c58dee50/element/00000000-0000-00d0-ffff-ffff0000021d/location [39m[32m200[39m [90m23 ms - 79[39m
[35m[HTTP][39m [90m[39m
[35m[HTTP][39m [37m-->[39m [37mPOST[39m [37m/wd/hub/session/9468197d-f4ab-4ce1-a31d-a6f9c58dee50/element/00000000-0000-00d0-ffff-ffff0000021d/clear[39m
[35m[HTTP][39m [90m{"id":"00000000-0000-00d0-ffff-ffff0000021d"}[39m
[35m[HTTP][39m [37m<-- POST /wd/hub/session/9468197d-f4ab-4ce1-a31d-a6f9c58dee50/element/00000000-0000-00d0-ffff-ffff0000021d/clear [39m[32m200[39m [90m28 ms - 14[39m
[35m[HTTP][39m [90m[39m
[35m[HTTP][39m [37m-->[39m [37mPOST[39m [37m/wd/hub/session/9468197d-f4ab-4ce1-a31d-a6f9c58dee50/element/00000000-0000-00d0-ffff-ffff0000021d/value[39m
[35m[HTTP][39m [90m{"id":"00000000-0000-00d0-ffff-ffff0000021d","text":"5","value":["5"]}[39m
[35m[HTTP][39m [37m<-- POST /wd/hub/session/9468197d-f4ab-4ce1-a31d-a6f9c58dee50/element/00000000-0000-00d0-ffff-ffff0000021d/value [39m[32m200[39m [90m601 ms - 14[39m
[35m[HTTP][39m [90m[39m
[35m[HTTP][39m [37m-->[39m [37mGET[39m [37m/wd/hub/session/9468197d-f4ab-4ce1-a31d-a6f9c58dee50/source[39m
[35m[HTTP][39m [90m{}[39m
[35m[W3C (9468197d)][39m Driver proxy active, passing request on via HTTP proxy
[35m[WD Proxy][39m Replacing sessionId 7308e9ed-f33c-48a2-9553-8df67bf0e420 with 9468197d-f4ab-4ce1-a31d-a6f9c58dee50
[35m[HTTP][39m [37m<-- GET /wd/hub/session/9468197d-f4ab-4ce1-a31d-a6f9c58dee50/source [39m[32m200[39m [90m234 ms - 15038[39m
[35m[HTTP][39m [90m[39m
[35m[HTTP][39m [37m-->[39m [37mGET[39m [37m/wd/hub/session/9468197d-f4ab-4ce1-a31d-a6f9c58dee50/screenshot[39m
[35m[HTTP][39m [90m{}[39m
[35m[HTTP][39m [37m<-- GET /wd/hub/session/9468197d-f4ab-4ce1-a31d-a6f9c58dee50/screenshot [39m[32m200[39m [90m408 ms - 450660[39m
[35m[HTTP][39m [90m[39m
[35m[HTTP][39m [37m-->[39m [37mGET[39m [37m/wd/hub/session/9468197d-f4ab-4ce1-a31d-a6f9c58dee50/context[39m
[35m[HTTP][39m [90m{}[39m
[35m[HTTP][39m [37m<-- GET /wd/hub/session/9468197d-f4ab-4ce1-a31d-a6f9c58dee50/context [39m[32m200[39m [90m3 ms - 22[39m
[35m[HTTP][39m [90m[39m
[35m[HTTP][39m [37m-->[39m [37mGET[39m [37m/wd/hub/session/9468197d-f4ab-4ce1-a31d-a6f9c58dee50/contexts[39m
[35m[HTTP][39m [90m{}[39m
[35m[HTTP][39m [37m<-- GET /wd/hub/session/9468197d-f4ab-4ce1-a31d-a6f9c58dee50/contexts [39m[32m200[39m [90m91 ms - 24[39m
[35m[HTTP][39m [90m[39m
[35m[HTTP][39m [37m-->[39m [37mPOST[39m [37m/wd/hub/session/9468197d-f4ab-4ce1-a31d-a6f9c58dee50/context[39m
[35m[HTTP][39m [90m{"name":"NATIVE_APP"}[39m
[35m[HTTP][39m [37m<-- POST /wd/hub/session/9468197d-f4ab-4ce1-a31d-a6f9c58dee50/context [39m[32m200[39m [90m5 ms - 14[39m
[35m[HTTP][39m [90m[39m
[35m[HTTP][39m [37m-->[39m [37mPOST[39m [37m/wd/hub/session/9468197d-f4ab-4ce1-a31d-a6f9c58dee50/appium/device/hide_keyboard[39m
[35m[HTTP][39m [90m{}[39m
[35m[HTTP][39m [37m<-- POST /wd/hub/session/9468197d-f4ab-4ce1-a31d-a6f9c58dee50/appium/device/hide_keyboard [39m[32m200[39m [90m491 ms - 14[39m
[35m[HTTP][39m [90m[39m
[35m[HTTP][39m [37m-->[39m [37mPOST[39m [37m/wd/hub/session/9468197d-f4ab-4ce1-a31d-a6f9c58dee50/context[39m
[35m[HTTP][39m [90m{"name":"NATIVE_APP"}[39m
[35m[HTTP][39m [37m<-- POST /wd/hub/session/9468197d-f4ab-4ce1-a31d-a6f9c58dee50/context [39m[32m200[39m [90m1 ms - 14[39m
[35m[HTTP][39m [90m[39m
[35m[HTTP][39m [37m-->[39m [37mGET[39m [37m/wd/hub/session/9468197d-f4ab-4ce1-a31d-a6f9c58dee50/source[39m
[35m[HTTP][39m [90m{}[39m
[35m[W3C (9468197d)][39m Driver proxy active, passing request on via HTTP proxy
[35m[WD Proxy][39m Replacing sessionId 7308e9ed-f33c-48a2-9553-8df67bf0e420 with 9468197d-f4ab-4ce1-a31d-a6f9c58dee50
[35m[HTTP][39m [37m<-- GET /wd/hub/session/9468197d-f4ab-4ce1-a31d-a6f9c58dee50/source [39m[32m200[39m [90m342 ms - 25377[39m
[35m[HTTP][39m [90m[39m
[35m[HTTP][39m [37m-->[39m [37mGET[39m [37m/wd/hub/session/9468197d-f4ab-4ce1-a31d-a6f9c58dee50/screenshot[39m
[35m[HTTP][39m [90m{}[39m
[35m[HTTP][39m [37m<-- GET /wd/hub/session/9468197d-f4ab-4ce1-a31d-a6f9c58dee50/screenshot [39m[32m200[39m [90m382 ms - 479388[39m
[35m[HTTP][39m [90m[39m
[35m[HTTP][39m [37m-->[39m [37mGET[39m [37m/wd/hub/session/9468197d-f4ab-4ce1-a31d-a6f9c58dee50/context[39m
[35m[HTTP][39m [90m{}[39m
[35m[HTTP][39m [37m<-- GET /wd/hub/session/9468197d-f4ab-4ce1-a31d-a6f9c58dee50/context [39m[32m200[39m [90m2 ms - 22[39m
[35m[HTTP][39m [90m[39m
[35m[HTTP][39m [37m-->[39m [37mGET[39m [37m/wd/hub/session/9468197d-f4ab-4ce1-a31d-a6f9c58dee50/contexts[39m
[35m[HTTP][39m [90m{}[39m
[35m[HTTP][39m [37m<-- GET /wd/hub/session/9468197d-f4ab-4ce1-a31d-a6f9c58dee50/contexts [39m[32m200[39m [90m49 ms - 24[39m
[35m[HTTP][39m [90m[39m
[35m[HTTP][39m [37m-->[39m [37mPOST[39m [37m/wd/hub/session/9468197d-f4ab-4ce1-a31d-a6f9c58dee50/context[39m
[35m[HTTP][39m [90m{"name":"NATIVE_APP"}[39m
[35m[HTTP][39m [37m<-- POST /wd/hub/session/9468197d-f4ab-4ce1-a31d-a6f9c58dee50/context [39m[32m200[39m [90m2 ms - 14[39m
[35m[HTTP][39m [90m[39m
[35m[HTTP][39m [37m-->[39m [37mPOST[39m [37m/wd/hub/session/9468197d-f4ab-4ce1-a31d-a6f9c58dee50/element[39m
[35m[HTTP][39m [90m{"using":"-android uiautomator","value":"new UiScrollable(new UiSelector().scrollable(true).instance(0)).scrollIntoView(new UiSelector().textContains(\"Add More\"))"}[39m
[35m[HTTP][39m [37m<-- POST /wd/hub/session/9468197d-f4ab-4ce1-a31d-a6f9c58dee50/element [39m[32m200[39m [90m48 ms - 137[39m
[35m[HTTP][39m [90m[39m
[35m[HTTP][39m [37m-->[39m [37mPOST[39m [37m/wd/hub/session/9468197d-f4ab-4ce1-a31d-a6f9c58dee50/context[39m
[35m[HTTP][39m [90m{"name":"NATIVE_APP"}[39m
[35m[HTTP][39m [37m<-- POST /wd/hub/session/9468197d-f4ab-4ce1-a31d-a6f9c58dee50/context [39m[32m200[39m [90m3 ms - 14[39m
[35m[HTTP][39m [90m[39m
[35m[HTTP][39m [37m-->[39m [37mGET[39m [37m/wd/hub/session/9468197d-f4ab-4ce1-a31d-a6f9c58dee50/source[39m
[35m[HTTP][39m [90m{}[39m
[35m[W3C (9468197d)][39m Driver proxy active, passing request on via HTTP proxy
[35m[WD Proxy][39m Replacing sessionId 7308e9ed-f33c-48a2-9553-8df67bf0e420 with 9468197d-f4ab-4ce1-a31d-a6f9c58dee50
[35m[HTTP][39m [37m<-- GET /wd/hub/session/9468197d-f4ab-4ce1-a31d-a6f9c58dee50/source [39m[32m200[39m [90m294 ms - 25377[39m
[35m[HTTP][39m [90m[39m
[35m[HTTP][39m [37m-->[39m [37mGET[39m [37m/wd/hub/session/9468197d-f4ab-4ce1-a31d-a6f9c58dee50/screenshot[39m
[35m[HTTP][39m [90m{}[39m
[35m[HTTP][39m [37m<-- GET /wd/hub/session/9468197d-f4ab-4ce1-a31d-a6f9c58dee50/screenshot [39m[32m200[39m [90m441 ms - 479388[39m
[35m[HTTP][39m [90m[39m
[35m[HTTP][39m [37m-->[39m [37mGET[39m [37m/wd/hub/session/9468197d-f4ab-4ce1-a31d-a6f9c58dee50/source[39m
[35m[HTTP][39m [90m{}[39m
[35m[W3C (9468197d)][39m Driver proxy active, passing request on via HTTP proxy
[35m[WD Proxy][39m Replacing sessionId 7308e9ed-f33c-48a2-9553-8df67bf0e420 with 9468197d-f4ab-4ce1-a31d-a6f9c58dee50
[35m[HTTP][39m [37m<-- GET /wd/hub/session/9468197d-f4ab-4ce1-a31d-a6f9c58dee50/source [39m[32m200[39m [90m151 ms - 25277[39m
[35m[HTTP][39m [90m[39m
[35m[HTTP][39m [37m-->[39m [37mGET[39m [37m/wd/hub/session/9468197d-f4ab-4ce1-a31d-a6f9c58dee50/screenshot[39m
[35m[HTTP][39m [90m{}[39m
[35m[HTTP][39m [37m<-- GET /wd/hub/session/9468197d-f4ab-4ce1-a31d-a6f9c58dee50/screenshot [39m[32m200[39m [90m584 ms - 486672[39m
[35m[HTTP][39m [90m[39m
[35m[HTTP][39m [37m-->[39m [37mGET[39m [37m/wd/hub/session/9468197d-f4ab-4ce1-a31d-a6f9c58dee50/context[39m
[35m[HTTP][39m [90m{}[39m
[35m[HTTP][39m [37m<-- GET /wd/hub/session/9468197d-f4ab-4ce1-a31d-a6f9c58dee50/context [39m[32m200[39m [90m2 ms - 22[39m
[35m[HTTP][39m [90m[39m
[35m[HTTP][39m [37m-->[39m [37mGET[39m [37m/wd/hub/session/9468197d-f4ab-4ce1-a31d-a6f9c58dee50/contexts[39m
[35m[HTTP][39m [90m{}[39m
[35m[HTTP][39m [37m<-- GET /wd/hub/session/9468197d-f4ab-4ce1-a31d-a6f9c58dee50/contexts [39m[32m200[39m [90m55 ms - 24[39m
[35m[HTTP][39m [90m[39m
[35m[HTTP][39m [37m-->[39m [37mPOST[39m [37m/wd/hub/session/9468197d-f4ab-4ce1-a31d-a6f9c58dee50/context[39m
[35m[HTTP][39m [90m{"name":"NATIVE_APP"}[39m
[35m[HTTP][39m [37m<-- POST /wd/hub/session/9468197d-f4ab-4ce1-a31d-a6f9c58dee50/context [39m[32m200[39m [90m1 ms - 14[39m
[35m[HTTP][39m [90m[39m
[35m[HTTP][39m [37m-->[39m [37mPOST[39m [37m/wd/hub/session/9468197d-f4ab-4ce1-a31d-a6f9c58dee50/element[39m
[35m[HTTP][39m [90m{"using":"-android uiautomator","value":"new UiScrollable(new UiSelector().scrollable(true).instance(0)).scrollIntoView(new UiSelector().textContains(\"Add More\"))"}[39m
[35m[HTTP][39m [37m<-- POST /wd/hub/session/9468197d-f4ab-4ce1-a31d-a6f9c58dee50/element [39m[32m200[39m [90m37 ms - 137[39m
[35m[HTTP][39m [90m[39m
[35m[HTTP][39m [37m-->[39m [37mPOST[39m [37m/wd/hub/session/9468197d-f4ab-4ce1-a31d-a6f9c58dee50/context[39m
[35m[HTTP][39m [90m{"name":"NATIVE_APP"}[39m
[35m[HTTP][39m [37m<-- POST /wd/hub/session/9468197d-f4ab-4ce1-a31d-a6f9c58dee50/context [39m[32m200[39m [90m2 ms - 14[39m
[35m[HTTP][39m [90m[39m
[35m[HTTP][39m [37m-->[39m [37mGET[39m [37m/wd/hub/session/9468197d-f4ab-4ce1-a31d-a6f9c58dee50/source[39m
[35m[HTTP][39m [90m{}[39m
[35m[W3C (9468197d)][39m Driver proxy active, passing request on via HTTP proxy
[35m[WD Proxy][39m Replacing sessionId 7308e9ed-f33c-48a2-9553-8df67bf0e420 with 9468197d-f4ab-4ce1-a31d-a6f9c58dee50
[35m[HTTP][39m [37m<-- GET /wd/hub/session/9468197d-f4ab-4ce1-a31d-a6f9c58dee50/source [39m[32m200[39m [90m281 ms - 25277[39m
[35m[HTTP][39m [90m[39m
[35m[HTTP][39m [37m-->[39m [37mGET[39m [37m/wd/hub/session/9468197d-f4ab-4ce1-a31d-a6f9c58dee50/screenshot[39m
[35m[HTTP][39m [90m{}[39m
[35m[HTTP][39m [37m<-- GET /wd/hub/session/9468197d-f4ab-4ce1-a31d-a6f9c58dee50/screenshot [39m[32m200[39m [90m380 ms - 486828[39m
[35m[HTTP][39m [90m[39m
[35m[HTTP][39m [37m-->[39m [37mPOST[39m [37m/wd/hub/session/9468197d-f4ab-4ce1-a31d-a6f9c58dee50/elements[39m
[35m[HTTP][39m [90m{"using":"xpath","value":"//*[@class = 'android.widget.TextView' and (@text = 'UPC: 4806518334967' or . = 'UPC: 4806518334967')]"}[39m
[35m[HTTP][39m [37m<-- POST /wd/hub/session/9468197d-f4ab-4ce1-a31d-a6f9c58dee50/elements [39m[32m200[39m [90m110 ms - 139[39m
[35m[HTTP][39m [90m[39m
[35m[HTTP][39m [37m-->[39m [37mPOST[39m [37m/wd/hub/session/9468197d-f4ab-4ce1-a31d-a6f9c58dee50/elements[39m
[35m[HTTP][39m [90m{"using":"xpath","value":"//*[@class = 'android.widget.TextView' and (@text = 'UPC: 4806518334967' or . = 'UPC: 4806518334967')]"}[39m
[35m[HTTP][39m [37m<-- POST /wd/hub/session/9468197d-f4ab-4ce1-a31d-a6f9c58dee50/elements [39m[32m200[39m [90m154 ms - 139[39m
[35m[HTTP][39m [90m[39m
[35m[HTTP][39m [37m-->[39m [37mGET[39m [37m/wd/hub/session/9468197d-f4ab-4ce1-a31d-a6f9c58dee50/window/rect[39m
[35m[HTTP][39m [90m{}[39m
[35m[HTTP][39m [37m<-- GET /wd/hub/session/9468197d-f4ab-4ce1-a31d-a6f9c58dee50/window/rect [39m[32m200[39m [90m16 ms - 50[39m
[35m[HTTP][39m [90m[39m
[35m[HTTP][39m [37m-->[39m [37mPOST[39m [37m/wd/hub/session/9468197d-f4ab-4ce1-a31d-a6f9c58dee50/elements[39m
[35m[HTTP][39m [90m{"using":"xpath","value":"//*[@class = 'android.widget.TextView' and (@text = 'UPC: 4806518334967' or . = 'UPC: 4806518334967')]"}[39m
[35m[HTTP][39m [37m<-- POST /wd/hub/session/9468197d-f4ab-4ce1-a31d-a6f9c58dee50/elements [39m[32m200[39m [90m142 ms - 139[39m
[35m[HTTP][39m [90m[39m
[35m[HTTP][39m [37m-->[39m [37mGET[39m [37m/wd/hub/session/9468197d-f4ab-4ce1-a31d-a6f9c58dee50/element/00000000-0000-00d0-ffff-ffff00000220/location[39m
[35m[HTTP][39m [90m{}[39m
[35m[W3C (9468197d)][39m Driver proxy active, passing request on via HTTP proxy
[35m[WD Proxy][39m Replacing sessionId 7308e9ed-f33c-48a2-9553-8df67bf0e420 with 9468197d-f4ab-4ce1-a31d-a6f9c58dee50
[35m[HTTP][39m [37m<-- GET /wd/hub/session/9468197d-f4ab-4ce1-a31d-a6f9c58dee50/element/00000000-0000-00d0-ffff-ffff00000220/location [39m[32m200[39m [90m19 ms - 77[39m
[35m[HTTP][39m [90m[39m
[35m[HTTP][39m [37m-->[39m [37mGET[39m [37m/wd/hub/session/9468197d-f4ab-4ce1-a31d-a6f9c58dee50/element/00000000-0000-00d0-ffff-ffff00000220/text[39m
[35m[HTTP][39m [90m{}[39m
[35m[W3C (9468197d)][39m Driver proxy active, passing request on via HTTP proxy
[35m[WD Proxy][39m Replacing sessionId 7308e9ed-f33c-48a2-9553-8df67bf0e420 with 9468197d-f4ab-4ce1-a31d-a6f9c58dee50
[35m[HTTP][39m [37m<-- GET /wd/hub/session/9468197d-f4ab-4ce1-a31d-a6f9c58dee50/element/00000000-0000-00d0-ffff-ffff00000220/text [39m[32m200[39m [90m19 ms - 81[39m
[35m[HTTP][39m [90m[39m
[35m[HTTP][39m [37m-->[39m [37mGET[39m [37m/wd/hub/session/9468197d-f4ab-4ce1-a31d-a6f9c58dee50/source[39m
[35m[HTTP][39m [90m{}[39m
[35m[W3C (9468197d)][39m Driver proxy active, passing request on via HTTP proxy
[35m[WD Proxy][39m Replacing sessionId 7308e9ed-f33c-48a2-9553-8df67bf0e420 with 9468197d-f4ab-4ce1-a31d-a6f9c58dee50
[35m[HTTP][39m [37m<-- GET /wd/hub/session/9468197d-f4ab-4ce1-a31d-a6f9c58dee50/source [39m[32m200[39m [90m160 ms - 25791[39m
[35m[HTTP][39m [90m[39m
[35m[HTTP][39m [37m-->[39m [37mGET[39m [37m/wd/hub/session/9468197d-f4ab-4ce1-a31d-a6f9c58dee50/screenshot[39m
[35m[HTTP][39m [90m{}[39m
[35m[HTTP][39m [37m<-- GET /wd/hub/session/9468197d-f4ab-4ce1-a31d-a6f9c58dee50/screenshot [39m[32m200[39m [90m433 ms - 478962[39m
[35m[HTTP][39m [90m[39m
[35m[HTTP][39m [37m-->[39m [37mGET[39m [37m/wd/hub/session/9468197d-f4ab-4ce1-a31d-a6f9c58dee50/context[39m
[35m[HTTP][39m [90m{}[39m
[35m[HTTP][39m [37m<-- GET /wd/hub/session/9468197d-f4ab-4ce1-a31d-a6f9c58dee50/context [39m[32m200[39m [90m2 ms - 22[39m
[35m[HTTP][39m [90m[39m
[35m[HTTP][39m [37m-->[39m [37mGET[39m [37m/wd/hub/session/9468197d-f4ab-4ce1-a31d-a6f9c58dee50/contexts[39m
[35m[HTTP][39m [90m{}[39m
[35m[HTTP][39m [37m<-- GET /wd/hub/session/9468197d-f4ab-4ce1-a31d-a6f9c58dee50/contexts [39m[32m200[39m [90m77 ms - 24[39m
[35m[HTTP][39m [90m[39m
[35m[HTTP][39m [37m-->[39m [37mPOST[39m [37m/wd/hub/session/9468197d-f4ab-4ce1-a31d-a6f9c58dee50/context[39m
[35m[HTTP][39m [90m{"name":"NATIVE_APP"}[39m
[35m[HTTP][39m [37m<-- POST /wd/hub/session/9468197d-f4ab-4ce1-a31d-a6f9c58dee50/context [39m[32m200[39m [90m2 ms - 14[39m
[35m[HTTP][39m [90m[39m
[35m[HTTP][39m [37m-->[39m [37mPOST[39m [37m/wd/hub/session/9468197d-f4ab-4ce1-a31d-a6f9c58dee50/element[39m
[35m[HTTP][39m [90m{"using":"-android uiautomator","value":"new UiScrollable(new UiSelector().scrollable(true).instance(0)).scrollIntoView(new UiSelector().textContains(\"UPC: 4806518334967\"))"}[39m
[35m[HTTP][39m [37m<-- POST /wd/hub/session/9468197d-f4ab-4ce1-a31d-a6f9c58dee50/element [39m[32m200[39m [90m3171 ms - 137[39m
[35m[HTTP][39m [90m[39m
[35m[HTTP][39m [37m-->[39m [37mPOST[39m [37m/wd/hub/session/9468197d-f4ab-4ce1-a31d-a6f9c58dee50/context[39m
[35m[HTTP][39m [90m{"name":"NATIVE_APP"}[39m
[35m[HTTP][39m [37m<-- POST /wd/hub/session/9468197d-f4ab-4ce1-a31d-a6f9c58dee50/context [39m[32m200[39m [90m3 ms - 14[39m
[35m[HTTP][39m [90m[39m
[35m[HTTP][39m [37m-->[39m [37mGET[39m [37m/wd/hub/session/9468197d-f4ab-4ce1-a31d-a6f9c58dee50/source[39m
[35m[HTTP][39m [90m{}[39m
[35m[W3C (9468197d)][39m Driver proxy active, passing request on via HTTP proxy
[35m[WD Proxy][39m Replacing sessionId 7308e9ed-f33c-48a2-9553-8df67bf0e420 with 9468197d-f4ab-4ce1-a31d-a6f9c58dee50
[35m[HTTP][39m [37m<-- GET /wd/hub/session/9468197d-f4ab-4ce1-a31d-a6f9c58dee50/source [39m[32m200[39m [90m262 ms - 25277[39m
[35m[HTTP][39m [90m[39m
[35m[HTTP][39m [37m-->[39m [37mGET[39m [37m/wd/hub/session/9468197d-f4ab-4ce1-a31d-a6f9c58dee50/screenshot[39m
[35m[HTTP][39m [90m{}[39m
[35m[HTTP][39m [37m<-- GET /wd/hub/session/9468197d-f4ab-4ce1-a31d-a6f9c58dee50/screenshot [39m[32m200[39m [90m399 ms - 486486[39m
[35m[HTTP][39m [90m[39m
[35m[HTTP][39m [37m-->[39m [37mPOST[39m [37m/wd/hub/session/9468197d-f4ab-4ce1-a31d-a6f9c58dee50/elements[39m
[35m[HTTP][39m [90m{"using":"xpath","value":"//*[@class = 'android.view.ViewGroup' and (@text = '' or . = '')]"}[39m
[35m[HTTP][39m [37m<-- POST /wd/hub/session/9468197d-f4ab-4ce1-a31d-a6f9c58dee50/elements [39m[32m200[39m [90m106 ms - 3467[39m
[35m[HTTP][39m [90m[39m
[35m[HTTP][39m [37m-->[39m [37mPOST[39m [37m/wd/hub/session/9468197d-f4ab-4ce1-a31d-a6f9c58dee50/elements[39m
[35m[HTTP][39m [90m{"using":"-android uiautomator","value":"new UiSelector().className(\"android.view.ViewGroup\")"}[39m
[35m[HTTP][39m [37m<-- POST /wd/hub/session/9468197d-f4ab-4ce1-a31d-a6f9c58dee50/elements [39m[32m200[39m [90m325 ms - 3467[39m
[35m[HTTP][39m [90m[39m
[35m[HTTP][39m [37m-->[39m [37mGET[39m [37m/wd/hub/session/9468197d-f4ab-4ce1-a31d-a6f9c58dee50/window/rect[39m
[35m[HTTP][39m [90m{}[39m
[35m[HTTP][39m [37m<-- GET /wd/hub/session/9468197d-f4ab-4ce1-a31d-a6f9c58dee50/window/rect [39m[32m200[39m [90m10 ms - 50[39m
[35m[HTTP][39m [90m[39m
[35m[HTTP][39m [37m-->[39m [37mPOST[39m [37m/wd/hub/session/9468197d-f4ab-4ce1-a31d-a6f9c58dee50/elements[39m
[35m[HTTP][39m [90m{"using":"xpath","value":"//hierarchy/android.widget.FrameLayout[1]/android.widget.LinearLayout[1]/android.widget.FrameLayout[1]/android.widget.LinearLayout[1]/android.widget.FrameLayout[1]/android.widget.FrameLayout[1]/android.view.ViewGroup[1]/android.view.ViewGroup[2]/android.view.ViewGroup[1]/android.view.ViewGroup[1]/android.view.ViewGroup[1]/android.view.ViewGroup[1]/android.view.ViewGroup[1]/android.view.ViewGroup[1]/android.view.ViewGroup[1]/android.view.ViewGroup[1]/android.widget.ScrollView[1]/android.view.ViewGroup[1]/android.view.ViewGroup[2]/android.view.ViewGroup[2]/android.view.ViewGroup[1]"}[39m
[35m[HTTP][39m [37m<-- POST /wd/hub/session/9468197d-f4ab-4ce1-a31d-a6f9c58dee50/elements [39m[32m200[39m [90m87 ms - 139[39m
[35m[HTTP][39m [90m[39m
[35m[HTTP][39m [37m-->[39m [37mGET[39m [37m/wd/hub/session/9468197d-f4ab-4ce1-a31d-a6f9c58dee50/element/00000000-0000-00d0-ffff-ffff0000021e/location[39m
[35m[HTTP][39m [90m{}[39m
[35m[W3C (9468197d)][39m Driver proxy active, passing request on via HTTP proxy
[35m[WD Proxy][39m Replacing sessionId 7308e9ed-f33c-48a2-9553-8df67bf0e420 with 9468197d-f4ab-4ce1-a31d-a6f9c58dee50
[35m[HTTP][39m [37m<-- GET /wd/hub/session/9468197d-f4ab-4ce1-a31d-a6f9c58dee50/element/00000000-0000-00d0-ffff-ffff0000021e/location [39m[32m200[39m [90m16 ms - 78[39m
[35m[HTTP][39m [90m[39m
[35m[HTTP][39m [37m-->[39m [37mPOST[39m [37m/wd/hub/session/9468197d-f4ab-4ce1-a31d-a6f9c58dee50/element/00000000-0000-00d0-ffff-ffff0000021e/click[39m
[35m[HTTP][39m [90m{"id":"00000000-0000-00d0-ffff-ffff0000021e"}[39m
[35m[HTTP][39m [37m<-- POST /wd/hub/session/9468197d-f4ab-4ce1-a31d-a6f9c58dee50/element/00000000-0000-00d0-ffff-ffff0000021e/click [39m[32m200[39m [90m29 ms - 14[39m
[35m[HTTP][39m [90m[39m
[35m[HTTP][39m [37m-->[39m [37mGET[39m [37m/wd/hub/session/9468197d-f4ab-4ce1-a31d-a6f9c58dee50/source[39m
[35m[HTTP][39m [90m{}[39m
[35m[W3C (9468197d)][39m Driver proxy active, passing request on via HTTP proxy
[35m[WD Proxy][39m Replacing sessionId 7308e9ed-f33c-48a2-9553-8df67bf0e420 with 9468197d-f4ab-4ce1-a31d-a6f9c58dee50
[35m[HTTP][39m [37m<-- GET /wd/hub/session/9468197d-f4ab-4ce1-a31d-a6f9c58dee50/source [39m[32m200[39m [90m300 ms - 25278[39m
[35m[HTTP][39m [90m[39m
[35m[HTTP][39m [37m-->[39m [37mGET[39m [37m/wd/hub/session/9468197d-f4ab-4ce1-a31d-a6f9c58dee50/screenshot[39m
[35m[HTTP][39m [90m{}[39m
[35m[HTTP][39m [37m<-- GET /wd/hub/session/9468197d-f4ab-4ce1-a31d-a6f9c58dee50/screenshot [39m[32m200[39m [90m402 ms - 486930[39m
[35m[HTTP][39m [90m[39m
[35m[HTTP][39m [37m-->[39m [37mPOST[39m [37m/wd/hub/session/9468197d-f4ab-4ce1-a31d-a6f9c58dee50/elements[39m
[35m[HTTP][39m [90m{"using":"xpath","value":"//*[@class = 'android.widget.ImageView' and (@text = '' or . = '')]"}[39m
[35m[HTTP][39m [37m<-- POST /wd/hub/session/9468197d-f4ab-4ce1-a31d-a6f9c58dee50/elements [39m[32m200[39m [90m118 ms - 779[39m
[35m[HTTP][39m [90m[39m
[35m[HTTP][39m [37m-->[39m [37mPOST[39m [37m/wd/hub/session/9468197d-f4ab-4ce1-a31d-a6f9c58dee50/elements[39m
[35m[HTTP][39m [90m{"using":"-android uiautomator","value":"new UiSelector().className(\"android.widget.ImageView\")"}[39m
[35m[HTTP][39m [37m<-- POST /wd/hub/session/9468197d-f4ab-4ce1-a31d-a6f9c58dee50/elements [39m[32m200[39m [90m149 ms - 779[39m
[35m[HTTP][39m [90m[39m
[35m[HTTP][39m [37m-->[39m [37mGET[39m [37m/wd/hub/session/9468197d-f4ab-4ce1-a31d-a6f9c58dee50/window/rect[39m
[35m[HTTP][39m [90m{}[39m
[35m[HTTP][39m [37m<-- GET /wd/hub/session/9468197d-f4ab-4ce1-a31d-a6f9c58dee50/window/rect [39m[32m200[39m [90m11 ms - 50[39m
[35m[HTTP][39m [90m[39m
[35m[HTTP][39m [37m-->[39m [37mPOST[39m [37m/wd/hub/session/9468197d-f4ab-4ce1-a31d-a6f9c58dee50/elements[39m
[35m[HTTP][39m [90m{"using":"xpath","value":"//hierarchy/android.widget.FrameLayout[1]/android.widget.LinearLayout[1]/android.widget.FrameLayout[1]/android.widget.LinearLayout[1]/android.widget.FrameLayout[1]/android.widget.FrameLayout[1]/android.view.ViewGroup[1]/android.view.ViewGroup[2]/android.view.ViewGroup[2]/android.view.ViewGroup[3]/android.widget.ImageView[1]"}[39m
[35m[HTTP][39m [37m<-- POST /wd/hub/session/9468197d-f4ab-4ce1-a31d-a6f9c58dee50/elements [39m[32m200[39m [90m90 ms - 139[39m
[35m[HTTP][39m [90m[39m
[35m[HTTP][39m [37m-->[39m [37mGET[39m [37m/wd/hub/session/9468197d-f4ab-4ce1-a31d-a6f9c58dee50/element/00000000-0000-00d0-ffff-ffff000001a0/location[39m
[35m[HTTP][39m [90m{}[39m
[35m[W3C (9468197d)][39m Driver proxy active, passing request on via HTTP proxy
[35m[WD Proxy][39m Replacing sessionId 7308e9ed-f33c-48a2-9553-8df67bf0e420 with 9468197d-f4ab-4ce1-a31d-a6f9c58dee50
[35m[HTTP][39m [37m<-- GET /wd/hub/session/9468197d-f4ab-4ce1-a31d-a6f9c58dee50/element/00000000-0000-00d0-ffff-ffff000001a0/location [39m[32m200[39m [90m25 ms - 79[39m
[35m[HTTP][39m [90m[39m
[35m[HTTP][39m [37m-->[39m [37mPOST[39m [37m/wd/hub/session/9468197d-f4ab-4ce1-a31d-a6f9c58dee50/element/00000000-0000-00d0-ffff-ffff000001a0/click[39m
[35m[HTTP][39m [90m{"id":"00000000-0000-00d0-ffff-ffff000001a0"}[39m
[35m[HTTP][39m [37m<-- POST /wd/hub/session/9468197d-f4ab-4ce1-a31d-a6f9c58dee50/element/00000000-0000-00d0-ffff-ffff000001a0/click [39m[32m200[39m [90m18 ms - 14[39m
[35m[HTTP][39m [90m[39m
[35m[HTTP][39m [37m-->[39m [37mGET[39m [37m/wd/hub/session/9468197d-f4ab-4ce1-a31d-a6f9c58dee50/source[39m
[35m[HTTP][39m [90m{}[39m
[35m[W3C (9468197d)][39m Driver proxy active, passing request on via HTTP proxy
[35m[WD Proxy][39m Replacing sessionId 7308e9ed-f33c-48a2-9553-8df67bf0e420 with 9468197d-f4ab-4ce1-a31d-a6f9c58dee50
[35m[HTTP][39m [37m<-- GET /wd/hub/session/9468197d-f4ab-4ce1-a31d-a6f9c58dee50/source [39m[32m200[39m [90m389 ms - 25865[39m
[35m[HTTP][39m [90m[39m
[35m[HTTP][39m [37m-->[39m [37mGET[39m [37m/wd/hub/session/9468197d-f4ab-4ce1-a31d-a6f9c58dee50/screenshot[39m
[35m[HTTP][39m [90m{}[39m
[35m[HTTP][39m [37m<-- GET /wd/hub/session/9468197d-f4ab-4ce1-a31d-a6f9c58dee50/screenshot [39m[32m200[39m [90m292 ms - 162372[39m
[35m[HTTP][39m [90m[39m
[35m[HTTP][39m [37m-->[39m [37mPOST[39m [37m/wd/hub/session/9468197d-f4ab-4ce1-a31d-a6f9c58dee50/elements[39m
[35m[HTTP][39m [90m{"using":"xpath","value":"//*[@class = 'android.view.ViewGroup' and (@text = '' or . = '')]"}[39m
[35m[HTTP][39m [37m<-- POST /wd/hub/session/9468197d-f4ab-4ce1-a31d-a6f9c58dee50/elements [39m[32m200[39m [90m144 ms - 3723[39m
[35m[HTTP][39m [90m[39m
[35m[HTTP][39m [37m-->[39m [37mPOST[39m [37m/wd/hub/session/9468197d-f4ab-4ce1-a31d-a6f9c58dee50/elements[39m
[35m[HTTP][39m [90m{"using":"-android uiautomator","value":"new UiSelector().className(\"android.view.ViewGroup\")"}[39m
[35m[HTTP][39m [37m<-- POST /wd/hub/session/9468197d-f4ab-4ce1-a31d-a6f9c58dee50/elements [39m[32m200[39m [90m310 ms - 3723[39m
[35m[HTTP][39m [90m[39m
[35m[HTTP][39m [37m-->[39m [37mGET[39m [37m/wd/hub/session/9468197d-f4ab-4ce1-a31d-a6f9c58dee50/window/rect[39m
[35m[HTTP][39m [90m{}[39m
[35m[HTTP][39m [37m<-- GET /wd/hub/session/9468197d-f4ab-4ce1-a31d-a6f9c58dee50/window/rect [39m[32m200[39m [90m9 ms - 50[39m
[35m[HTTP][39m [90m[39m
[35m[HTTP][39m [37m-->[39m [37mPOST[39m [37m/wd/hub/session/9468197d-f4ab-4ce1-a31d-a6f9c58dee50/elements[39m
[35m[HTTP][39m [90m{"using":"xpath","value":"//hierarchy/android.widget.FrameLayout[1]/android.widget.LinearLayout[1]/android.widget.FrameLayout[1]/android.widget.LinearLayout[1]/android.widget.FrameLayout[1]/android.widget.FrameLayout[1]/android.view.ViewGroup[1]/android.view.ViewGroup[2]/android.view.ViewGroup[1]/android.view.ViewGroup[1]/android.view.ViewGroup[1]/android.view.ViewGroup[1]/android.view.ViewGroup[1]/android.view.ViewGroup[1]/android.view.ViewGroup[1]/android.view.ViewGroup[3]/android.view.ViewGroup[1]/android.view.ViewGroup[1]"}[39m
[35m[HTTP][39m [37m<-- POST /wd/hub/session/9468197d-f4ab-4ce1-a31d-a6f9c58dee50/elements [39m[32m200[39m [90m59 ms - 139[39m
[35m[HTTP][39m [90m[39m
[35m[HTTP][39m [37m-->[39m [37mGET[39m [37m/wd/hub/session/9468197d-f4ab-4ce1-a31d-a6f9c58dee50/element/00000000-0000-00d0-ffff-ffff00000188/location[39m
[35m[HTTP][39m [90m{}[39m
[35m[W3C (9468197d)][39m Driver proxy active, passing request on via HTTP proxy
[35m[WD Proxy][39m Replacing sessionId 7308e9ed-f33c-48a2-9553-8df67bf0e420 with 9468197d-f4ab-4ce1-a31d-a6f9c58dee50
[35m[HTTP][39m [37m<-- GET /wd/hub/session/9468197d-f4ab-4ce1-a31d-a6f9c58dee50/element/00000000-0000-00d0-ffff-ffff00000188/location [39m[32m200[39m [90m16 ms - 78[39m
[35m[HTTP][39m [90m[39m
[35m[HTTP][39m [37m-->[39m [37mPOST[39m [37m/wd/hub/session/9468197d-f4ab-4ce1-a31d-a6f9c58dee50/element/00000000-0000-00d0-ffff-ffff00000188/click[39m
[35m[HTTP][39m [90m{"id":"00000000-0000-00d0-ffff-ffff00000188"}[39m
[35m[HTTP][39m [37m<-- POST /wd/hub/session/9468197d-f4ab-4ce1-a31d-a6f9c58dee50/element/00000000-0000-00d0-ffff-ffff00000188/click [39m[32m200[39m [90m23 ms - 14[39m
[35m[HTTP][39m [90m[39m
[35m[HTTP][39m [37m-->[39m [37mGET[39m [37m/wd/hub/session/9468197d-f4ab-4ce1-a31d-a6f9c58dee50/source[39m
[35m[HTTP][39m [90m{}[39m
[35m[W3C (9468197d)][39m Driver proxy active, passing request on via HTTP proxy
[35m[WD Proxy][39m Replacing sessionId 7308e9ed-f33c-48a2-9553-8df67bf0e420 with 9468197d-f4ab-4ce1-a31d-a6f9c58dee50
[35m[HTTP][39m [37m<-- GET /wd/hub/session/9468197d-f4ab-4ce1-a31d-a6f9c58dee50/source [39m[32m200[39m [90m997 ms - 7672[39m
[35m[HTTP][39m [90m[39m
[35m[HTTP][39m [37m-->[39m [37mGET[39m [37m/wd/hub/session/9468197d-f4ab-4ce1-a31d-a6f9c58dee50/screenshot[39m
[35m[HTTP][39m [90m{}[39m
[35m[HTTP][39m [37m<-- GET /wd/hub/session/9468197d-f4ab-4ce1-a31d-a6f9c58dee50/screenshot [39m[32m200[39m [90m323 ms - 178252[39m
[35m[HTTP][39m [90m[39m
[35m[HTTP][39m [37m-->[39m [37mPOST[39m [37m/wd/hub/session/9468197d-f4ab-4ce1-a31d-a6f9c58dee50/elements[39m
[35m[HTTP][39m [90m{"using":"xpath","value":"//*[@class = 'android.widget.Button' and (@text = 'JUST ONCE' or . = 'JUST ONCE') and @resource-id = 'android:id/button_once']"}[39m
[35m[HTTP][39m [37m<-- POST /wd/hub/session/9468197d-f4ab-4ce1-a31d-a6f9c58dee50/elements [39m[32m200[39m [90m74 ms - 139[39m
[35m[HTTP][39m [90m[39m
[35m[HTTP][39m [37m-->[39m [37mGET[39m [37m/wd/hub/session/9468197d-f4ab-4ce1-a31d-a6f9c58dee50/window/rect[39m
[35m[HTTP][39m [90m{}[39m
[35m[HTTP][39m [37m<-- GET /wd/hub/session/9468197d-f4ab-4ce1-a31d-a6f9c58dee50/window/rect [39m[32m200[39m [90m28 ms - 50[39m
[35m[HTTP][39m [90m[39m
[35m[HTTP][39m [37m-->[39m [37mPOST[39m [37m/wd/hub/session/9468197d-f4ab-4ce1-a31d-a6f9c58dee50/elements[39m
[35m[HTTP][39m [90m{"using":"xpath","value":"//*[@class = 'android.widget.Button' and (@text = 'JUST ONCE' or . = 'JUST ONCE') and @resource-id = 'android:id/button_once']"}[39m
[35m[HTTP][39m [37m<-- POST /wd/hub/session/9468197d-f4ab-4ce1-a31d-a6f9c58dee50/elements [39m[32m200[39m [90m87 ms - 139[39m
[35m[HTTP][39m [90m[39m
[35m[HTTP][39m [37m-->[39m [37mGET[39m [37m/wd/hub/session/9468197d-f4ab-4ce1-a31d-a6f9c58dee50/element/00000000-0000-00d1-ffff-ffff00000039/location[39m
[35m[HTTP][39m [90m{}[39m
[35m[W3C (9468197d)][39m Driver proxy active, passing request on via HTTP proxy
[35m[WD Proxy][39m Replacing sessionId 7308e9ed-f33c-48a2-9553-8df67bf0e420 with 9468197d-f4ab-4ce1-a31d-a6f9c58dee50
[35m[HTTP][39m [37m<-- GET /wd/hub/session/9468197d-f4ab-4ce1-a31d-a6f9c58dee50/element/00000000-0000-00d1-ffff-ffff00000039/location [39m[32m200[39m [90m34 ms - 79[39m
[35m[HTTP][39m [90m[39m
[35m[HTTP][39m [37m-->[39m [37mPOST[39m [37m/wd/hub/session/9468197d-f4ab-4ce1-a31d-a6f9c58dee50/element/00000000-0000-00d1-ffff-ffff00000039/click[39m
[35m[HTTP][39m [90m{"id":"00000000-0000-00d1-ffff-ffff00000039"}[39m
[35m[HTTP][39m [37m<-- POST /wd/hub/session/9468197d-f4ab-4ce1-a31d-a6f9c58dee50/element/00000000-0000-00d1-ffff-ffff00000039/click [39m[32m200[39m [90m29 ms - 14[39m
[35m[HTTP][39m [90m[39m
[35m[HTTP][39m [37m-->[39m [37mGET[39m [37m/wd/hub/session/9468197d-f4ab-4ce1-a31d-a6f9c58dee50/source[39m
[35m[HTTP][39m [90m{}[39m
[35m[W3C (9468197d)][39m Driver proxy active, passing request on via HTTP proxy
[35m[WD Proxy][39m Replacing sessionId 7308e9ed-f33c-48a2-9553-8df67bf0e420 with 9468197d-f4ab-4ce1-a31d-a6f9c58dee50
[35m[HTTP][39m [37m<-- GET /wd/hub/session/9468197d-f4ab-4ce1-a31d-a6f9c58dee50/source [39m[32m200[39m [90m529 ms - 7672[39m
[35m[HTTP][39m [90m[39m
[35m[HTTP][39m [37m-->[39m [37mGET[39m [37m/wd/hub/session/9468197d-f4ab-4ce1-a31d-a6f9c58dee50/screenshot[39m
[35m[HTTP][39m [90m{}[39m
[35m[HTTP][39m [37m<-- GET /wd/hub/session/9468197d-f4ab-4ce1-a31d-a6f9c58dee50/screenshot [39m[32m200[39m [90m328 ms - 244876[39m
[35m[HTTP][39m [90m[39m
[35m[HTTP][39m [37m-->[39m [37mGET[39m [37m/wd/hub/session/9468197d-f4ab-4ce1-a31d-a6f9c58dee50/source[39m
[35m[HTTP][39m [90m{}[39m
[35m[W3C (9468197d)][39m Driver proxy active, passing request on via HTTP proxy
[35m[WD Proxy][39m Replacing sessionId 7308e9ed-f33c-48a2-9553-8df67bf0e420 with 9468197d-f4ab-4ce1-a31d-a6f9c58dee50
[35m[HTTP][39m [37m<-- GET /wd/hub/session/9468197d-f4ab-4ce1-a31d-a6f9c58dee50/source [39m[32m200[39m [90m165 ms - 12600[39m
[35m[HTTP][39m [90m[39m
[35m[HTTP][39m [37m-->[39m [37mGET[39m [37m/wd/hub/session/9468197d-f4ab-4ce1-a31d-a6f9c58dee50/screenshot[39m
[35m[HTTP][39m [90m{}[39m
[35m[HTTP][39m [37m<-- GET /wd/hub/session/9468197d-f4ab-4ce1-a31d-a6f9c58dee50/screenshot [39m[32m200[39m [90m462 ms - 339748[39m
[35m[HTTP][39m [90m[39m
[35m[HTTP][39m [37m-->[39m [37mPOST[39m [37m/wd/hub/session/9468197d-f4ab-4ce1-a31d-a6f9c58dee50/elements[39m
[35m[HTTP][39m [90m{"using":"xpath","value":"//*[@class = 'android.widget.FrameLayout' and @resource-id = 'com.android.chrome:id/bottom_container' and (@text = '' or . = '')]"}[39m
[35m[HTTP][39m [37m<-- POST /wd/hub/session/9468197d-f4ab-4ce1-a31d-a6f9c58dee50/elements [39m[32m200[39m [90m288 ms - 139[39m
[35m[HTTP][39m [90m[39m
[35m[HTTP][39m [37m-->[39m [37mGET[39m [37m/wd/hub/session/9468197d-f4ab-4ce1-a31d-a6f9c58dee50/window/rect[39m
[35m[HTTP][39m [90m{}[39m
[35m[HTTP][39m [37m<-- GET /wd/hub/session/9468197d-f4ab-4ce1-a31d-a6f9c58dee50/window/rect [39m[32m200[39m [90m11 ms - 50[39m
[35m[HTTP][39m [90m[39m
[35m[HTTP][39m [37m-->[39m [37mPOST[39m [37m/wd/hub/session/9468197d-f4ab-4ce1-a31d-a6f9c58dee50/elements[39m
[35m[HTTP][39m [90m{"using":"xpath","value":"//*[@class = 'android.widget.FrameLayout' and @resource-id = 'com.android.chrome:id/bottom_container' and (@text = '' or . = '')]"}[39m
[35m[HTTP][39m [37m<-- POST /wd/hub/session/9468197d-f4ab-4ce1-a31d-a6f9c58dee50/elements [39m[32m200[39m [90m159 ms - 139[39m
[35m[HTTP][39m [90m[39m
[35m[HTTP][39m [37m-->[39m [37mGET[39m [37m/wd/hub/session/9468197d-f4ab-4ce1-a31d-a6f9c58dee50/element/00000000-0000-00d3-ffff-ffff00000015/location[39m
[35m[HTTP][39m [90m{}[39m
[35m[W3C (9468197d)][39m Driver proxy active, passing request on via HTTP proxy
[35m[WD Proxy][39m Replacing sessionId 7308e9ed-f33c-48a2-9553-8df67bf0e420 with 9468197d-f4ab-4ce1-a31d-a6f9c58dee50
[35m[HTTP][39m [37m<-- GET /wd/hub/session/9468197d-f4ab-4ce1-a31d-a6f9c58dee50/element/00000000-0000-00d3-ffff-ffff00000015/location [39m[32m200[39m [90m16 ms - 75[39m
[35m[HTTP][39m [90m[39m
[35m[HTTP][39m [37m-->[39m [37mGET[39m [37m/wd/hub/session/9468197d-f4ab-4ce1-a31d-a6f9c58dee50/element/00000000-0000-00d3-ffff-ffff00000015/text[39m
[35m[HTTP][39m [90m{}[39m
[35m[W3C (9468197d)][39m Driver proxy active, passing request on via HTTP proxy
[35m[WD Proxy][39m Replacing sessionId 7308e9ed-f33c-48a2-9553-8df67bf0e420 with 9468197d-f4ab-4ce1-a31d-a6f9c58dee50
[35m[HTTP][39m [37m<-- GET /wd/hub/session/9468197d-f4ab-4ce1-a31d-a6f9c58dee50/element/00000000-0000-00d3-ffff-ffff00000015/text [39m[32m200[39m [90m11 ms - 63[39m
[35m[HTTP][39m [90m[39m
[35m[HTTP][39m [37m-->[39m [37mGET[39m [37m/wd/hub/session/9468197d-f4ab-4ce1-a31d-a6f9c58dee50/source[39m
[35m[HTTP][39m [90m{}[39m
[35m[W3C (9468197d)][39m Driver proxy active, passing request on via HTTP proxy
[35m[WD Proxy][39m Replacing sessionId 7308e9ed-f33c-48a2-9553-8df67bf0e420 with 9468197d-f4ab-4ce1-a31d-a6f9c58dee50
[35m[HTTP][39m [37m<-- GET /wd/hub/session/9468197d-f4ab-4ce1-a31d-a6f9c58dee50/source [39m[32m200[39m [90m377 ms - 36917[39m
[35m[HTTP][39m [90m[39m
[35m[HTTP][39m [37m-->[39m [37mGET[39m [37m/wd/hub/session/9468197d-f4ab-4ce1-a31d-a6f9c58dee50/screenshot[39m
[35m[HTTP][39m [90m{}[39m
[35m[HTTP][39m [37m<-- GET /wd/hub/session/9468197d-f4ab-4ce1-a31d-a6f9c58dee50/screenshot [39m[32m200[39m [90m351 ms - 339748[39m
[35m[HTTP][39m [90m[39m
[35m[HTTP][39m [37m-->[39m [37mPOST[39m [37m/wd/hub/session/9468197d-f4ab-4ce1-a31d-a6f9c58dee50/elements[39m
[35m[HTTP][39m [90m{"using":"xpath","value":"//*[@class = 'android.view.View' and (@text = '' or . = '')]"}[39m
[35m[HTTP][39m [37m<-- POST /wd/hub/session/9468197d-f4ab-4ce1-a31d-a6f9c58dee50/elements [39m[32m200[39m [90m152 ms - 6155[39m
[35m[HTTP][39m [90m[39m
[35m[HTTP][39m [37m-->[39m [37mPOST[39m [37m/wd/hub/session/9468197d-f4ab-4ce1-a31d-a6f9c58dee50/elements[39m
[35m[HTTP][39m [90m{"using":"accessibility id","value":"If you have any inquiries or updates pls whatsap us at 94617563. "}[39m
[35m[HTTP][39m [37m<-- POST /wd/hub/session/9468197d-f4ab-4ce1-a31d-a6f9c58dee50/elements [39m[32m200[39m [90m87 ms - 139[39m
[35m[HTTP][39m [90m[39m
[35m[HTTP][39m [37m-->[39m [37mPOST[39m [37m/wd/hub/session/9468197d-f4ab-4ce1-a31d-a6f9c58dee50/elements[39m
[35m[HTTP][39m [90m{"using":"xpath","value":"//*[@class = 'android.view.View' and (@text = '' or . = '')]"}[39m
[35m[HTTP][39m [37m<-- POST /wd/hub/session/9468197d-f4ab-4ce1-a31d-a6f9c58dee50/elements [39m[32m200[39m [90m190 ms - 6155[39m
[35m[HTTP][39m [90m[39m
[35m[HTTP][39m [37m-->[39m [37mPOST[39m [37m/wd/hub/session/9468197d-f4ab-4ce1-a31d-a6f9c58dee50/elements[39m
[35m[HTTP][39m [90m{"using":"accessibility id","value":"If you have any inquiries or updates pls whatsap us at 94617563. "}[39m
[35m[HTTP][39m [37m<-- POST /wd/hub/session/9468197d-f4ab-4ce1-a31d-a6f9c58dee50/elements [39m[32m200[39m [90m78 ms - 139[39m
[35m[HTTP][39m [90m[39m
[35m[HTTP][39m [37m-->[39m [37mPOST[39m [37m/wd/hub/session/9468197d-f4ab-4ce1-a31d-a6f9c58dee50/elements[39m
[35m[HTTP][39m [90m{"using":"xpath","value":"//*[@class = 'android.view.View' and (@text = '' or . = '')]"}[39m
[35m[HTTP][39m [37m<-- POST /wd/hub/session/9468197d-f4ab-4ce1-a31d-a6f9c58dee50/elements [39m[32m200[39m [90m173 ms - 6155[39m
[35m[HTTP][39m [90m[39m
[35m[HTTP][39m [37m-->[39m [37mPOST[39m [37m/wd/hub/session/9468197d-f4ab-4ce1-a31d-a6f9c58dee50/elements[39m
[35m[HTTP][39m [90m{"using":"accessibility id","value":"If you have any inquiries or updates pls whatsap us at 94617563. "}[39m
[35m[HTTP][39m [37m<-- POST /wd/hub/session/9468197d-f4ab-4ce1-a31d-a6f9c58dee50/elements [39m[32m200[39m [90m106 ms - 139[39m
[35m[HTTP][39m [90m[39m
[35m[HTTP][39m [37m-->[39m [37mGET[39m [37m/wd/hub/session/9468197d-f4ab-4ce1-a31d-a6f9c58dee50/window/rect[39m
[35m[HTTP][39m [90m{}[39m
[35m[HTTP][39m [37m<-- GET /wd/hub/session/9468197d-f4ab-4ce1-a31d-a6f9c58dee50/window/rect [39m[32m200[39m [90m9 ms - 50[39m
[35m[HTTP][39m [90m[39m
[35m[HTTP][39m [37m-->[39m [37mPOST[39m [37m/wd/hub/session/9468197d-f4ab-4ce1-a31d-a6f9c58dee50/elements[39m
[35m[HTTP][39m [90m{"using":"accessibility id","value":"If you have any inquiries or updates pls whatsap us at 94617563. "}[39m
[35m[HTTP][39m [37m<-- POST /wd/hub/session/9468197d-f4ab-4ce1-a31d-a6f9c58dee50/elements [39m[32m200[39m [90m92 ms - 139[39m
[35m[HTTP][39m [90m[39m
[35m[HTTP][39m [37m-->[39m [37mGET[39m [37m/wd/hub/session/9468197d-f4ab-4ce1-a31d-a6f9c58dee50/element/00000000-0000-00d3-0000-001a00000002/location[39m
[35m[HTTP][39m [90m{}[39m
[35m[W3C (9468197d)][39m Driver proxy active, passing request on via HTTP proxy
[35m[WD Proxy][39m Replacing sessionId 7308e9ed-f33c-48a2-9553-8df67bf0e420 with 9468197d-f4ab-4ce1-a31d-a6f9c58dee50
[35m[HTTP][39m [37m<-- GET /wd/hub/session/9468197d-f4ab-4ce1-a31d-a6f9c58dee50/element/00000000-0000-00d3-0000-001a00000002/location [39m[32m200[39m [90m24 ms - 76[39m
[35m[HTTP][39m [90m[39m
[35m[HTTP][39m [37m-->[39m [37mGET[39m [37m/wd/hub/session/9468197d-f4ab-4ce1-a31d-a6f9c58dee50/element/00000000-0000-00d3-0000-001a00000002/text[39m
[35m[HTTP][39m [90m{}[39m
[35m[W3C (9468197d)][39m Driver proxy active, passing request on via HTTP proxy
[35m[WD Proxy][39m Replacing sessionId 7308e9ed-f33c-48a2-9553-8df67bf0e420 with 9468197d-f4ab-4ce1-a31d-a6f9c58dee50
[35m[HTTP][39m [37m<-- GET /wd/hub/session/9468197d-f4ab-4ce1-a31d-a6f9c58dee50/element/00000000-0000-00d3-0000-001a00000002/text [39m[32m200[39m [90m16 ms - 63[39m
[35m[HTTP][39m [90m[39m
[35m[HTTP][39m [37m-->[39m [37mGET[39m [37m/wd/hub/session/9468197d-f4ab-4ce1-a31d-a6f9c58dee50/source[39m
[35m[HTTP][39m [90m{}[39m
[35m[W3C (9468197d)][39m Driver proxy active, passing request on via HTTP proxy
[35m[WD Proxy][39m Replacing sessionId 7308e9ed-f33c-48a2-9553-8df67bf0e420 with 9468197d-f4ab-4ce1-a31d-a6f9c58dee50
[35m[HTTP][39m [37m<-- GET /wd/hub/session/9468197d-f4ab-4ce1-a31d-a6f9c58dee50/source [39m[32m200[39m [90m404 ms - 36917[39m
[35m[HTTP][39m [90m[39m
[35m[HTTP][39m [37m-->[39m [37mGET[39m [37m/wd/hub/session/9468197d-f4ab-4ce1-a31d-a6f9c58dee50/screenshot[39m
[35m[HTTP][39m [90m{}[39m
[35m[HTTP][39m [37m<-- GET /wd/hub/session/9468197d-f4ab-4ce1-a31d-a6f9c58dee50/screenshot [39m[32m200[39m [90m330 ms - 338976[39m
[35m[HTTP][39m [90m[39m
[35m[HTTP][39m [37m-->[39m [37mDELETE[39m [37m/wd/hub/session/9468197d-f4ab-4ce1-a31d-a6f9c58dee50[39m
[35m[HTTP][39m [90m{}[39m
[35m[Appium][39m Removing session 9468197d-f4ab-4ce1-a31d-a6f9c58dee50 from our master session list
[35m[HTTP][39m [37m<-- DELETE /wd/hub/session/9468197d-f4ab-4ce1-a31d-a6f9c58dee50 [39m[32m200[39m [90m253 ms - 14[39m
[35m[HTTP][39m [90m[39m
